1655030640873	geckodriver	INFO	Listening on 127.0.0.1:59264
1655030643886	mozrunner::runner	INFO	Running command: "C:\\Program Files\\Mozilla Firefox\\firefox.exe" "--marionette" "-no-remote" "-profile" "C:\\Users\\SHIVAN~1.LOT\\AppData\\Local\\Temp\\rust_mozprofile79DRLN"
1655030645362	Marionette	INFO	Marionette enabled
console.warn: SearchSettings: "get: No settings file exists, new profile?" (new NotFoundError("Could not open the file at C:\\Users\\SHIVAN~1.LOT\\AppData\\Local\\Temp\\rust_mozprofile79DRLN\\search.json.mozlz4", (void 0)))
1655030647529	Marionette	INFO	Listening on port 59296
Read port: 59296
1655030647643	RemoteAgent	WARN	TLS certificate errors will be ignored for this session
JavaScript warning: https://assets.ajio.com/static/assets/vendors~static/chunk/common/libraries/fingerprintjs2.93320040d10b43bc8bff.93320040d10b43bc8bff.js, line 1: WEBGL_debug_renderer_info is deprecated in Firefox and will be removed. Please use RENDERER.
JavaScript warning: https://assets.ajio.com/static/assets/vendors~static/chunk/common/libraries/fingerprintjs2.93320040d10b43bc8bff.93320040d10b43bc8bff.js, line 1: WEBGL_debug_renderer_info is deprecated in Firefox and will be removed. Please use RENDERER.
JavaScript warning: https://assets.ajio.com/static/assets/vendors~static/chunk/common/libraries/fingerprintjs2.93320040d10b43bc8bff.93320040d10b43bc8bff.js, line 1: WEBGL_debug_renderer_info is deprecated in Firefox and will be removed. Please use RENDERER.
JavaScript warning: https://assets.ajio.com/static/assets/vendors~static/chunk/common/libraries/fingerprintjs2.93320040d10b43bc8bff.93320040d10b43bc8bff.js, line 1: WEBGL_debug_renderer_info is deprecated in Firefox and will be removed. Please use RENDERER.
1655030681992	Marionette	WARN	TimedPromise timed out after 500 ms: stacktrace:
TimedPromise/<@chrome://remote/content/marionette/sync.js:235:19
TimedPromise@chrome://remote/content/marionette/sync.js:220:10
interaction.flushEventLoop@chrome://remote/content/marionette/interaction.js:431:10
webdriverClickElement@chrome://remote/content/marionette/interaction.js:179:31
1655030682732	Marionette	WARN	TimedPromise timed out after 500 ms: stacktrace:
TimedPromise/<@chrome://remote/content/marionette/sync.js:235:19
TimedPromise@chrome://remote/content/marionette/sync.js:220:10
interaction.flushEventLoop@chrome://remote/content/marionette/interaction.js:431:10
webdriverClickElement@chrome://remote/content/marionette/interaction.js:179:31
JavaScript warning: https://assets.ajio.com/static/assets/vendors~static/chunk/common/libraries/fingerprintjs2.93320040d10b43bc8bff.93320040d10b43bc8bff.js, line 1: WEBGL_debug_renderer_info is deprecated in Firefox and will be removed. Please use RENDERER.
JavaScript warning: https://assets.ajio.com/static/assets/vendors~static/chunk/common/libraries/fingerprintjs2.93320040d10b43bc8bff.93320040d10b43bc8bff.js, line 1: WEBGL_debug_renderer_info is deprecated in Firefox and will be removed. Please use RENDERER.
JavaScript error: https://wcdn.ril.com/cdn/menuconfig.js, line 1: SyntaxError: unexpected token: identifier
JavaScript error: https://wcdn.ril.com/cdn/toolbarbrands.js, line 1: SyntaxError: unexpected token: identifier
1655030692807	Marionette	INFO	Stopped listening on port 59296

###!!! [Parent][PContentParent] Error: Send(msgname=PContent::Msg_DestroyBrowsingContextGroup) Closed channel: cannot send/recv


###!!! [Child][PContentChild] Error: RunMessage(msgname=PContent::Reply_DiscardBrowsingContext) Channel closing: too late to send/recv, messages will be lost


###!!! [Child][PContentChild] Error: RunMessage(msgname=PContent::Reply_DiscardBrowsingContext) Channel closing: too late to send/recv, messages will be lost


###!!! [Child][PContentChild] Error: RunMessage(msgname=PContent::Reply_DiscardBrowsingContext) Channel closing: too late to send/recv, messages will be lost


###!!! [Child][PContentChild] Error: RunMessage(msgname=PContent::Reply_DiscardBrowsingContext) Channel closing: too late to send/recv, messages will be lost


###!!! [Child][PContentChild] Error: RunMessage(msgname=PContent::Reply_DiscardBrowsingContext) Channel closing: too late to send/recv, messages will be lost


###!!! [Child][PContentChild] Error: RunMessage(msgname=PContent::Reply_DiscardBrowsingContext) Channel closing: too late to send/recv, messages will be lost


###!!! [Child][PContentChild] Error: RunMessage(msgname=PContent::Reply_DiscardBrowsingContext) Channel closing: too late to send/recv, messages will be lost


###!!! [Child][PContentChild] Error: RunMessage(msgname=PContent::Reply_DiscardBrowsingContext) Channel closing: too late to send/recv, messages will be lost


###!!! [Child][PContentChild] Error: RunMessage(msgname=PContent::Reply_DiscardBrowsingContext) Channel closing: too late to send/recv, messages will be lost


###!!! [Child][PContentChild] Error: RunMessage(msgname=PContent::Reply_DiscardBrowsingContext) Channel closing: too late to send/recv, messages will be lost


###!!! [Child][PContentChild] Error: RunMessage(msgname=PContent::Reply_DiscardBrowsingContext) Channel closing: too late to send/recv, messages will be lost


###!!! [Child][PContentChild] Error: RunMessage(msgname=PContent::Reply_DiscardBrowsingContext) Channel closing: too late to send/recv, messages will be lost


###!!! [Child][PContentChild] Error: RunMessage(msgname=PContent::Reply_DiscardBrowsingContext) Channel closing: too late to send/recv, messages will be lost


###!!! [Child][PContentChild] Error: RunMessage(msgname=PContent::Reply_DiscardBrowsingContext) Channel closing: too late to send/recv, messages will be lost


###!!! [Child][PContentChild] Error: RunMessage(msgname=PContent::Reply_DiscardBrowsingContext) Channel closing: too late to send/recv, messages will be lost


###!!! [Parent][PGPUParent] Error: RunMessage(msgname=PGPU::Msg_ShutdownVR) Channel closing: too late to send/recv, messages will be lost

1656679802665	geckodriver	INFO	Listening on 127.0.0.1:56609
1656679805667	mozrunner::runner	INFO	Running command: "C:\\Program Files\\Mozilla Firefox\\firefox.exe" "--marionette" "-no-remote" "-profile" "C:\\Users\\SHIVAN~1.LOT\\AppData\\Local\\Temp\\rust_mozprofilepFXuRF"
1656679807707	Marionette	INFO	Marionette enabled
console.warn: SearchSettings: "get: No settings file exists, new profile?" (new NotFoundError("Could not open the file at C:\\Users\\SHIVAN~1.LOT\\AppData\\Local\\Temp\\rust_mozprofilepFXuRF\\search.json.mozlz4", (void 0)))
1656679811663	Marionette	INFO	Listening on port 56660
Read port: 56660
1656679811728	RemoteAgent	WARN	TLS certificate errors will be ignored for this session
JavaScript warning: https://assets.ajio.com/static/assets/vendors~static/chunk/common/libraries/fingerprintjs2.93320040d10b43bc8bff.93320040d10b43bc8bff.js, line 1: WEBGL_debug_renderer_info is deprecated in Firefox and will be removed. Please use RENDERER.
JavaScript warning: https://assets.ajio.com/static/assets/vendors~static/chunk/common/libraries/fingerprintjs2.93320040d10b43bc8bff.93320040d10b43bc8bff.js, line 1: WEBGL_debug_renderer_info is deprecated in Firefox and will be removed. Please use RENDERER.
JavaScript warning: https://assets.ajio.com/static/assets/vendors~static/chunk/common/libraries/fingerprintjs2.93320040d10b43bc8bff.93320040d10b43bc8bff.js, line 1: WEBGL_debug_renderer_info is deprecated in Firefox and will be removed. Please use RENDERER.
JavaScript warning: https://assets.ajio.com/static/assets/vendors~static/chunk/common/libraries/fingerprintjs2.93320040d10b43bc8bff.93320040d10b43bc8bff.js, line 1: WEBGL_debug_renderer_info is deprecated in Firefox and will be removed. Please use RENDERER.
1656679822863	Marionette	INFO	Stopped listening on port 56660

###!!! [Child][PContentChild] Error: Send(msgname=PContent::Msg_InsertNewFocusActionId) Closed channel: cannot send/recv


###!!! [Child][PContentChild] Error: Send(msgname=PContent::Msg_RemoveDynEntriesFromActiveSessionHistoryEntry) Closed channel: cannot send/recv


###!!! [Child][PContentChild] Error: Send(msgname=PContent::Msg_SynchronizeLayoutHistoryState) Closed channel: cannot send/recv


###!!! [Child][PContentChild] Error: Send(msgname=PContent::Msg_DiscardBrowsingContext) Closed channel: cannot send/recv


###!!! [Child][PContentChild] Error: Send(msgname=PContent::Msg_DiscardBrowsingContext) Closed channel: cannot send/recv


###!!! [Child][PContentChild] Error: RunMessage(msgname=PContent::Msg_DiscardBrowsingContext) Channel closing: too late to send/recv, messages will be lost


###!!! [Child][PContentChild] Error: RunMessage(msgname=PContent::Msg_DiscardBrowsingContext) Channel closing: too late to send/recv, messages will be lost


###!!! [Child][PContentChild] Error: Send(msgname=PContent::Msg_InsertNewFocusActionId) Closed channel: cannot send/recv


###!!! [Child][PContentChild] Error: Send(msgname=PContent::Msg_RemoveDynEntriesFromActiveSessionHistoryEntry) Closed channel: cannot send/recv


###!!! [Child][PContentChild] Error: Send(msgname=PContent::Msg_SynchronizeLayoutHistoryState) Closed channel: cannot send/recv


###!!! [Child][PContentChild] Error: Send(msgname=PContent::Msg_InsertNewFocusActionId) Closed channel: cannot send/recv


###!!! [Child][PContentChild] Error: Send(msgname=PContent::Msg_DiscardBrowsingContext) Closed channel: cannot send/recv


###!!! [Child][PContentChild] Error: Send(msgname=PContent::Msg_RemoveDynEntriesFromActiveSessionHistoryEntry) Closed channel: cannot send/recv


###!!! [Child][PContentChild] Error: Send(msgname=PContent::Msg_SynchronizeLayoutHistoryState) Closed channel: cannot send/recv


###!!! [Child][PContentChild] Error: Send(msgname=PContent::Msg_DiscardBrowsingContext) Closed channel: cannot send/recv


###!!! [Child][PContentChild] Error: Send(msgname=PContent::Msg_DiscardBrowsingContext) Closed channel: cannot send/recv


###!!! [Child][PContentChild] Error: Send(msgname=PContent::Msg_DiscardBrowsingContext) Closed channel: cannot send/recv


###!!! [Child][PContentChild] Error: Send(msgname=PContent::Msg_InsertNewFocusActionId) Closed channel: cannot send/recv


###!!! [Child][PContentChild] Error: Send(msgname=PContent::Msg_RemoveDynEntriesFromActiveSessionHistoryEntry) Closed channel: cannot send/recv


###!!! [Child][PContentChild] Error: Send(msgname=PContent::Msg_SynchronizeLayoutHistoryState) Closed channel: cannot send/recv


###!!! [Child][PContentChild] Error: Send(msgname=PContent::Msg_DiscardBrowsingContext) Closed channel: cannot send/recv


###!!! [Child][PContentChild] Error: Send(msgname=PContent::Msg_DiscardBrowsingContext) Closed channel: cannot send/recv


###!!! [Child][PContentChild] Error: Send(msgname=PContent::Msg_InsertNewFocusActionId) Closed channel: cannot send/recv


###!!! [Child][PContentChild] Error: Send(msgname=PContent::Msg_RemoveDynEntriesFromActiveSessionHistoryEntry) Closed channel: cannot send/recv


###!!! [Child][PContentChild] Error: Send(msgname=PContent::Msg_SynchronizeLayoutHistoryState) Closed channel: cannot send/recv


###!!! [Child][PContentChild] Error: Send(msgname=PContent::Msg_DiscardBrowsingContext) Closed channel: cannot send/recv


###!!! [Child][PContentChild] Error: Send(msgname=PContent::Msg_InsertNewFocusActionId) Closed channel: cannot send/recv


###!!! [Child][PContentChild] Error: Send(msgname=PContent::Msg_RemoveDynEntriesFromActiveSessionHistoryEntry) Closed channel: cannot send/recv


###!!! [Child][PContentChild] Error: Send(msgname=PContent::Msg_SynchronizeLayoutHistoryState) Closed channel: cannot send/recv


###!!! [Child][PContentChild] Error: Send(msgname=PContent::Msg_DiscardBrowsingContext) Closed channel: cannot send/recv

